Log file open, 05/18/15 23:16:12
LogInit:Display: Running engine for game: train_of_thought
LogInit: Version: 4.7.6-2513093+++depot+UE4-Releases+4.7
LogInit: API Version: 2455222
LogInit: Compiled (64-bit): Apr 15 2015 12:09:54
LogInit: Compiled with Visual C++: 18.00.21005.01
LogInit: Build Configuration: Development
LogInit: Branch Name: ++depot+UE4-Releases+4.7
LogInit: Command line: 
LogInit: Base directory: C:/Program Files/Unreal Engine/4.7/Engine/Binaries/Win64/
LogInit: Rocket: 1
[2015.05.19-05.16.12:981][  0]LogTaskGraph: Started task graph with 3 named threads and 6 total threads.
[2015.05.19-05.16.13:035][  0]LogOnline:Warning: No default platform service specified for OnlineSubsystem
[2015.05.19-05.16.13:045][  0]LogInit: Presizing for 0 objects not considered by GC, pre-allocating 0 bytes.
[2015.05.19-05.16.13:053][  0]LogInit: Object subsystem initialized
[2015.05.19-05.16.13:070][  0]LogInit: Selected Device Profile: [Windows]
[2015.05.19-05.16.13:070][  0]LogInit: Applying CVar settings loaded from the selected device profile: [Windows]
[2015.05.19-05.16.13:077][  0]LogInit: Computer: GAMINGLAPTOP
[2015.05.19-05.16.13:077][  0]LogInit: User: Wookify
[2015.05.19-05.16.13:077][  0]LogInit: CPU Page size=4096, Cores=4
[2015.05.19-05.16.13:077][  0]LogInit: High frequency timer resolution =2.630628 MHz
[2015.05.19-05.16.13:077][  0]LogMemory: Memory total: Physical=15.9GB (16GB approx) Virtual=131072.0GB
[2015.05.19-05.16.13:077][  0]LogMemory: Platform Memory Stats for Windows
[2015.05.19-05.16.13:077][  0]LogMemory: Process Physical Memory: 46.30 MB used, 46.30 MB peak
[2015.05.19-05.16.13:077][  0]LogMemory: Process Virtual Memory: 25.03 MB used, 25.03 MB peak
[2015.05.19-05.16.13:077][  0]LogMemory: Physical Memory: 4474.25 MB used, 16303.75 MB total
[2015.05.19-05.16.13:077][  0]LogMemory: Virtual Memory: 293.82 MB used, 134217728.00 MB total
[2015.05.19-05.16.13:103][  0]LogD3D11RHI: Found D3D11 adapter 0: NVIDIA GeForce GTX 770M       (Feature Level 11_0)
[2015.05.19-05.16.13:103][  0]LogD3D11RHI: Adapter has 2976MB of dedicated video memory, 0MB of dedicated system memory, and 8151MB of shared system memory, 3 output[s]
[2015.05.19-05.16.13:115][  0]LogD3D11RHI: Found D3D11 adapter 1: NVIDIA GeForce GTX 770M       (Feature Level 11_0)
[2015.05.19-05.16.13:115][  0]LogD3D11RHI: Adapter has 2976MB of dedicated video memory, 0MB of dedicated system memory, and 8151MB of shared system memory, 0 output[s]
[2015.05.19-05.16.13:116][  0]LogD3D11RHI: Found D3D11 adapter 2: Microsoft Basic Render Driver (Feature Level 11_0)
[2015.05.19-05.16.13:116][  0]LogD3D11RHI: Adapter has 2976MB of dedicated video memory, 0MB of dedicated system memory, and 8151MB of shared system memory, 0 output[s]
[2015.05.19-05.16.13:116][  0]LogD3D11RHI: Chosen D3D11 Adapter Id = 0
[2015.05.19-05.16.13:119][  0]LogRHI: Texture pool is 1361 MB (70% of 1945 MB)
[2015.05.19-05.16.13:128][  0]LogD3D11RHI: Async texture creation enabled
[2015.05.19-05.16.13:186][  0]LogTextLocalizationManager: The requested culture ('en_US') has no localization data; parent culture's ('en') localization data will be used.
[2015.05.19-05.16.13:234][  0]LogTextLocalizationManager:Warning: Loading localization resources contain conflicting entries for (Namespace:UICommands, Key:Save_ToolTip):
Resource: (C:/Program Files/Unreal Engine/4.7/Engine/Content/Localization/Editor/en/Editor.locres) Hash: (-29098895) String: (Saves the current level to disk)
Resource: (C:/Program Files/Unreal Engine/4.7/Engine/Content/Localization/Engine/en/Engine.locres) Hash: (-1280300587) String: (Save selected data to vlog file)
[2015.05.19-05.16.13:234][  0]LogTextLocalizationManager:Warning: Loading localization resources contain conflicting entries for (Namespace:ContentBrowser, Key:ImportAssetToolTip):
Resource: (C:/Program Files/Unreal Engine/4.7/Engine/Content/Localization/Editor/en/Editor.locres) Hash: (-630476809) String: (Import to {0}...)
Resource: (C:/Program Files/Unreal Engine/4.7/Engine/Content/Localization/Editor/en/Editor.locres) Hash: (1271782899) String: (Imports an asset from file to this folder.)
[2015.05.19-05.16.13:302][  0]LogContentStreaming: Texture pool size is 0.000000MB
[2015.05.19-05.16.15:236][  0]LogTargetPlatformManager:Display: Building Assets For Windows
[2015.05.19-05.16.15:694][  0]LogTargetPlatformManager:Display: Building Assets For Windows
[2015.05.19-05.16.15:749][  0]LogDerivedDataCache:Display: Max Cache Size: 512 MB
[2015.05.19-05.16.15:786][  0]LogDerivedDataCache: Loaded boot cache 0.04s 39MB C:/Users/Wookify/AppData/Local/UnrealEngine/4.7/DerivedDataCache/Boot.ddc.
[2015.05.19-05.16.15:786][  0]LogDerivedDataCache:Display: Loaded Boot cache: C:/Users/Wookify/AppData/Local/UnrealEngine/4.7/DerivedDataCache/Boot.ddc
[2015.05.19-05.16.15:787][  0]LogDerivedDataCache: FDerivedDataBackendGraph:  Pak pak cache file ../../../../../../Users/Wookify/Documents/GitHub/thought_train/train_of_thought/DerivedDataCache/DDC.ddp not found, will not use a pak cache.
[2015.05.19-05.16.15:787][  0]LogDerivedDataCache: Unable to find inner node Pak for hierarchical cache Hierarchy.
[2015.05.19-05.16.15:893][  0]LogDerivedDataCache:Display: Pak cache opened for reading ../../../Engine/DerivedDataCache/Compressed.ddp.
[2015.05.19-05.16.15:906][  0]LogDerivedDataCache: Using Local data cache path C:/Users/Wookify/AppData/Local/UnrealEngine/Common/DerivedDataCache: Writable
[2015.05.19-05.16.16:154][  0]LogMeshUtilities: No automatic mesh reduction module available
[2015.05.19-05.16.16:154][  0]LogMeshUtilities: No automatic mesh merging module available
[2015.05.19-05.16.16:510][  0]LogInit: WinSock: version 1.1 (2.2), MaxSocks=32767, MaxUdp=65467
[2015.05.19-05.16.16:575][  0]LogSlate:Warning: Failed to load font data from '../../../Engine/Content/Slate/Fonts/Roboto-Italic.ttf'
[2015.05.19-05.16.17:316][  0]UdpMessaging: Initializing bridge on interface 0.0.0.0:0 to multicast group 230.0.0.1:6666.
[2015.05.19-05.16.17:490][  0]SourceControl: Info Source control is disabled
[2015.05.19-05.16.17:490][  0]SourceControl: Info Source control is disabled
[2015.05.19-05.16.17:490][  0]SourceControl: Info Source control is disabled
[2015.05.19-05.16.17:490][  0]LogSourceControl: RunCommandInternalRaw: 'git version'
[2015.05.19-05.16.17:490][  0]LogSourceControl: RunCommandInternalRaw: ExecProcess ReturnCode=2 OutResults=''
[2015.05.19-05.16.17:497][  0]SourceControl: Info Source control is disabled
[2015.05.19-05.16.17:646][  0]LogObj: 24232 objects as part of root set at end of initial load.
[2015.05.19-05.16.17:646][  0]LogUObjectAllocator: 5137168 out of 0 bytes used by permanent object pool.
[2015.05.19-05.16.17:715][  0]LogEngine: Initializing Engine...
[2015.05.19-05.16.19:844][  0]LogInit: XAudio2 using 'Speakers (Realtek High Definition Audio)' : 2 channels at 48 kHz using 32 bits per sample (channel mask 0x3)
[2015.05.19-05.16.19:868][  0]LogInit: FAudioDevice initialized.
[2015.05.19-05.16.19:898][  0]LogAIModule: Creating AISystem for world NewWorld
[2015.05.19-05.16.19:916][  0]LogDerivedDataCache: Saved boot cache 0.02s 39MB C:/Users/Wookify/AppData/Local/UnrealEngine/4.7/DerivedDataCache/Boot.ddc.
[2015.05.19-05.16.19:920][  0]LogInit: Texture streaming: Enabled
[2015.05.19-05.16.19:991][  0]LogAnalytics: Creating configured Analytics provider AnalyticsET
[2015.05.19-05.16.19:991][  0]LogAnalytics: ET APIKey = Rocket.Release. APIServer = http://et2.epicgames.com/ET2/. AppVersion = 4.7.6-2513093+++depot+UE4-Releases+4.7
[2015.05.19-05.16.19:991][  0]LogAnalytics: ET APIKey = Rocket.Release. DataRouterUploadURL = https://datarouter-public-service-gamedev.ol.epicgames.net/datarouter/api/v1/public/data. AppVersion = 4.7.6-2513093+++depot+UE4-Releases+4.7
[2015.05.19-05.16.19:991][  0]LogAnalytics: SetUserId 0b97c4a544dd976cb4818b94c2c89519|9fef9d32d964479d9fd300150ccbad64|467558d5-bd06-48b7-b5a4-c38613098ca1
[2015.05.19-05.16.19:991][  0]LogAnalytics: AnalyticsET::StartSession [Rocket.Release]
[2015.05.19-05.16.20:012][  0]LogInit: Transaction tracking system initialized
[2015.05.19-05.16.20:149][  0]BlueprintLog: New page: Editor Load
[2015.05.19-05.16.20:179][  0]LogAssetRegistry: FAssetRegistry took 0.0105 seconds to start up
[2015.05.19-05.16.20:179][  0]LogDirectoryWatcher:Warning: Failed to begin reading directory changes for ../../../Engine/Plugins/Experimental/CharacterAI/Content/. Error: 0
[2015.05.19-05.16.20:645][  0]LogTargetPlatformManager:Display: Building Assets For Windows
[2015.05.19-05.16.20:949][  0]LogTargetPlatformManager:Display: Building Assets For Windows
[2015.05.19-05.16.28:279][  0]LogSlate:Warning: Failed to load font data from '../../../Engine/Content/Editor/Slate/Fonts/Roboto-Regular.ttf'
[2015.05.19-05.16.28:279][  0]LogSlate:Warning: Failed to load font data from '../../../Engine/Content/Editor/Slate/Fonts/Roboto-Bold.ttf'
[2015.05.19-05.16.28:290][  0]LogConsoleResponse:Display: 
[2015.05.19-05.16.28:393][  0]LogCook:Display: Done creating registry. It took  0.00s.
[2015.05.19-05.16.28:516][  0]SourceControl: Info Source control is disabled
[2015.05.19-05.16.28:516][  0]Cmd: MAP LOAD FILE="../../../Engine/Content/Maps/Templates/Template_Default.umap" TEMPLATE=1 SHOWPROGRESS=1 FEATURELEVEL=3
[2015.05.19-05.16.28:516][  0]LightingResults: New page: Lighting Build
[2015.05.19-05.16.28:526][  0]MapCheck: New page: Map Check
[2015.05.19-05.16.28:526][  0]LightingResults: New page: Lighting Build
[2015.05.19-05.16.28:532][  0]LogParticles: Destroying 0 GPU particle simulations for FXSystem 0x0000006102F84680
[2015.05.19-05.16.29:012][  0]LogEditorServer: Finished looking for orphan Actors (0.000 secs)
[2015.05.19-05.16.29:016][  0]LogAIModule: Creating AISystem for world Untitled_1
[2015.05.19-05.16.29:016][  0]Cmd: MAP CHECKDEP
[2015.05.19-05.16.29:016][  0]MapCheck: New page: Untitled_1 - May 18, 2015, 5:16:29 PM
[2015.05.19-05.16.29:077][  0]MapCheck: Info Map check complete: 0 Error(s), 0 Warning(s), took 60.568ms to complete.
[2015.05.19-05.16.29:077][  0]LogFileHelpers: Loading map 'Template_Default' took 0.561
[2015.05.19-05.16.29:265][  0]LogCollectionManager: Loaded 0 collections in 0.001424 seconds
[2015.05.19-05.16.29:274][  0]LogContentBrowser: Native class hierarchy populated in 0.0087 seconds. Added 1696 classes and 261 folders.
[2015.05.19-05.16.29:326][  0]LogContentBrowser: Native class hierarchy updated for 'SceneOutliner' in 0.0017 seconds. Added 1 classes and 2 folders.
[2015.05.19-05.16.29:393][  0]LogCrashTracker: Crashtracker disabled due to settings.
[2015.05.19-05.16.29:399][  0]LogSlate:Warning: Failed to load font data from 'Veranda'
[2015.05.19-05.16.29:442][  0]LogLoad: Full Startup: 18.13 seconds (BP compile: 0.07 seconds)
[2015.05.19-05.16.29:668][  0]LogRenderer:Warning: Reallocating scene render targets to support 1208x600 (Frame:2).
[2015.05.19-05.16.29:888][  3]LogAssetRegistry: Asset discovery search completed in 9.7206 seconds
[2015.05.19-05.17.23:189][171]Cmd: OBJ SAVEPACKAGE PACKAGE="/Game/train01" FILE="../../../../../../Users/Wookify/Documents/GitHub/thought_train/train_of_thought/Content/train01.umap" SILENT=true AUTOSAVING=false KEEPDIRTY=false
[2015.05.19-05.17.23:224][171]LogSavePackage: Save=17.832243ms
[2015.05.19-05.17.23:224][171]LogSavePackage: Moving '../../../../../../Users/Wookify/Documents/GitHub/thought_train/train_of_thought/Saved/train01316220FE483452CB046E158D6391A48C.tmp' to '../../../../../../Users/Wookify/Documents/GitHub/thought_train/train_of_thought/Content/train01.umap'
[2015.05.19-05.17.23:260][171]LogFileHelpers: Saving map 'train01' took 0.352
[2015.05.19-05.18.25:701][763]LogContentBrowser:Verbose: The content browser source was changed by the sources view to '/Game'
[2015.05.19-05.20.40:252][503]LogEditorViewport: Clicking on Actor (LMB): BP_Sky_Sphere_C (Sky Sphere)
[2015.05.19-05.20.41:754][588]LogEditorViewport: Clicking on Actor (LMB): StaticMeshActor (Floor)
[2015.05.19-05.20.42:762][643]LogEditorViewport: Clicking on Actor (LMB): BP_Sky_Sphere_C (Sky Sphere)
[2015.05.19-05.20.57:377][511]LogPlayLevel: PIE:  No blueprints needed recompiling
[2015.05.19-05.20.57:377][511]PIE: New page: PIE session: train01 (May 18, 2015, 5:20:57 PM)
[2015.05.19-05.20.57:379][511]LogPlayLevel: PIE: StaticDuplicateObject took: (0.001318s)
[2015.05.19-05.20.57:380][511]LogPlayLevel: PIE: World Init took: (0.001356s)
[2015.05.19-05.20.57:380][511]LogPlayLevel: PIE: Created PIE world by copying editor world from /Game/train01.train01 to /Game/UEDPIE_0_train01.train01 (0.003222s)
[2015.05.19-05.20.57:434][511]LogWorld: Game class is 'GameMode'
[2015.05.19-05.20.57:441][511]LogAIModule: Creating AISystem for world train01
[2015.05.19-05.20.57:442][511]LogWorld: Bringing World /Game/UEDPIE_0_train01.train01 up for play (max tick rate 60) at 2015.05.18-23.20.57
[2015.05.19-05.20.57:443][511]LogWorld: Bringing up level for play took: 0.002050
[2015.05.19-05.20.57:452][511]PIE: Info Play in editor start time for /Game/UEDPIE_0_train01 0.784
[2015.05.19-05.21.22:333][987]LogParticles: Destroying 0 GPU particle simulations for FXSystem 0x0000006100335620
[2015.05.19-05.22.16:538][ 34]LogEditorViewport: Clicking on Actor (LMB): BP_Sky_Sphere_C (Sky Sphere)
[2015.05.19-05.22.17:847][106]Cmd: OBJ SAVEPACKAGE PACKAGE="/Game/train01" FILE="../../../../../../Users/Wookify/Documents/GitHub/thought_train/train_of_thought/Content/train01.umap" SILENT=true AUTOSAVING=false KEEPDIRTY=false
[2015.05.19-05.22.17:881][106]LogSavePackage: Save=20.333548ms
[2015.05.19-05.22.17:881][106]LogSavePackage: Moving '../../../../../../Users/Wookify/Documents/GitHub/thought_train/train_of_thought/Saved/train01B3E9995D4F7F3238CB57F5BB04E69AF5.tmp' to '../../../../../../Users/Wookify/Documents/GitHub/thought_train/train_of_thought/Content/train01.umap'
[2015.05.19-05.22.20:165][213]Cmd: QUIT_EDITOR
[2015.05.19-05.22.20:374][213]LogExit: Preparing to exit.
[2015.05.19-05.22.20:575][213]LogExit: Editor shut down
[2015.05.19-05.22.20:576][213]LogExit: Transaction tracking system shut down
[2015.05.19-05.22.20:576][213]LogParticles: Destroying 0 GPU particle simulations for FXSystem 0x000000617C396F20
[2015.05.19-05.22.20:576][213]LogParticles: Destroying 0 GPU particle simulations for FXSystem 0x000000617656DC60
[2015.05.19-05.22.20:576][213]LogParticles: Destroying 0 GPU particle simulations for FXSystem 0x0000006179FAD1C0
[2015.05.19-05.22.20:576][213]LogParticles: Destroying 0 GPU particle simulations for FXSystem 0x000000617B16E020
[2015.05.19-05.22.20:618][213]LogParticles: Destroying 0 GPU particle simulations for FXSystem 0x000000617656DE40
[2015.05.19-05.22.20:618][213]LogExit: Object subsystem successfully closed.
[2015.05.19-05.22.20:666][213]LogModuleManager: Shutting down and abandoning module CrashTracker (177)
[2015.05.19-05.22.20:666][213]LogModuleManager: Shutting down and abandoning module SuperSearch (176)
[2015.05.19-05.22.20:666][213]LogModuleManager: Shutting down and abandoning module SceneOutliner (175)
[2015.05.19-05.22.20:666][213]LogModuleManager: Shutting down and abandoning module EditorWidgets (174)
[2015.05.19-05.22.20:666][213]LogModuleManager: Shutting down and abandoning module CollectionManager (173)
[2015.05.19-05.22.20:667][213]LogModuleManager: Shutting down and abandoning module StatsViewer (172)
[2015.05.19-05.22.20:667][213]LogModuleManager: Shutting down and abandoning module FoliageEdit (171)
[2015.05.19-05.22.20:667][213]LogModuleManager: Shutting down and abandoning module LandscapeEditor (170)
[2015.05.19-05.22.20:667][213]LogModuleManager: Shutting down and abandoning module MeshPaint (169)
[2015.05.19-05.22.20:667][213]LogModuleManager: Shutting down and abandoning module ActorPickerMode (168)
[2015.05.19-05.22.20:667][213]LogModuleManager: Shutting down and abandoning module GeometryMode (167)
[2015.05.19-05.22.20:667][213]LogModuleManager: Shutting down and abandoning module TextureAlignMode (166)
[2015.05.19-05.22.20:667][213]LogModuleManager: Shutting down and abandoning module BspMode (165)
[2015.05.19-05.22.20:667][213]LogModuleManager: Shutting down and abandoning module PlacementMode (164)
[2015.05.19-05.22.20:667][213]LogModuleManager: Shutting down and abandoning module AutomationWorker (163)
[2015.05.19-05.22.20:667][213]LogModuleManager: Shutting down and abandoning module CharacterAI (162)
[2015.05.19-05.22.20:667][213]LogModuleManager: Shutting down and abandoning module SmartSnapping (161)
[2015.05.19-05.22.20:667][213]LogModuleManager: Shutting down and abandoning module ViewportSnapping (160)
[2015.05.19-05.22.20:667][213]LogModuleManager: Shutting down and abandoning module LogVisualizer (159)
[2015.05.19-05.22.20:667][213]LogModuleManager: Shutting down and abandoning module GameProjectGeneration (158)
[2015.05.19-05.22.20:667][213]LogModuleManager: Shutting down and abandoning module IntroTutorials (157)
[2015.05.19-05.22.20:667][213]LogModuleManager: Shutting down and abandoning module EditorLiveStreaming (156)
[2015.05.19-05.22.20:667][213]LogModuleManager: Shutting down and abandoning module HardwareTargeting (155)
[2015.05.19-05.22.20:667][213]LogModuleManager: Shutting down and abandoning module DeviceProfileEditor (154)
[2015.05.19-05.22.20:667][213]LogModuleManager: Shutting down and abandoning module UndoHistory (153)
[2015.05.19-05.22.20:667][213]LogModuleManager: Shutting down and abandoning module GameplayTagsEditor (152)
[2015.05.19-05.22.20:667][213]LogModuleManager: Shutting down and abandoning module UserFeedback (151)
[2015.05.19-05.22.20:667][213]LogModuleManager: Shutting down and abandoning module XmlParser (150)
[2015.05.19-05.22.20:667][213]LogModuleManager: Shutting down and abandoning module Blutility (149)
[2015.05.19-05.22.20:667][213]LogModuleManager: Shutting down and abandoning module IOSPlatformEditor (148)
[2015.05.19-05.22.20:667][213]LogModuleManager: Shutting down and abandoning module IOSRuntimeSettings (147)
[2015.05.19-05.22.20:667][213]LogModuleManager: Shutting down and abandoning module AndroidDeviceDetection (146)
[2015.05.19-05.22.21:194][213]LogModuleManager: Shutting down and abandoning module AndroidPlatformEditor (145)
[2015.05.19-05.22.21:194][213]LogModuleManager: Shutting down and abandoning module AndroidRuntimeSettings (144)
[2015.05.19-05.22.21:194][213]LogModuleManager: Shutting down and abandoning module ProjectTargetPlatformEditor (143)
[2015.05.19-05.22.21:194][213]LogModuleManager: Shutting down and abandoning module ProjectSettingsViewer (142)
[2015.05.19-05.22.21:194][213]LogModuleManager: Shutting down and abandoning module InputBindingEditor (141)
[2015.05.19-05.22.21:194][213]LogModuleManager: Shutting down and abandoning module EditorSettingsViewer (140)
[2015.05.19-05.22.21:194][213]LogModuleManager: Shutting down and abandoning module SettingsEditor (139)
[2015.05.19-05.22.21:194][213]LogModuleManager: Shutting down and abandoning module ProjectLauncher (138)
[2015.05.19-05.22.21:194][213]LogModuleManager: Shutting down and abandoning module SessionFrontend (137)
[2015.05.19-05.22.21:194][213]LogModuleManager: Shutting down and abandoning module ProfilerClient (136)
[2015.05.19-05.22.21:194][213]LogModuleManager: Shutting down and abandoning module TargetDeviceServices (135)
[2015.05.19-05.22.21:194][213]LogModuleManager: Shutting down and abandoning module DeviceManager (134)
[2015.05.19-05.22.21:194][213]LogModuleManager: Shutting down and abandoning module AutomationController (133)
[2015.05.19-05.22.21:194][213]LogModuleManager: Shutting down and abandoning module AutomationWindow (132)
[2015.05.19-05.22.21:194][213]LogModuleManager: Shutting down and abandoning module Layers (131)
[2015.05.19-05.22.21:194][213]LogModuleManager: Shutting down and abandoning module ComponentVisualizers (130)
[2015.05.19-05.22.21:194][213]LogModuleManager: Shutting down and abandoning module DetailCustomizations (129)
[2015.05.19-05.22.21:194][213]LogModuleManager: Shutting down and abandoning module PackagesDialog (128)
[2015.05.19-05.22.21:194][213]LogModuleManager: Shutting down and abandoning module AssetRegistry (127)
[2015.05.19-05.22.21:281][213]LogModuleManager: Shutting down and abandoning module Persona (126)
[2015.05.19-05.22.21:281][213]LogModuleManager: Shutting down and abandoning module SlateReflector (125)
[2015.05.19-05.22.21:281][213]LogModuleManager: Shutting down and abandoning module LevelEditor (124)
[2015.05.19-05.22.21:282][213]LogModuleManager: Shutting down and abandoning module Kismet (123)
[2015.05.19-05.22.21:282][213]LogModuleManager: Shutting down and abandoning module GraphEditor (122)
[2015.05.19-05.22.21:282][213]LogModuleManager: Shutting down and abandoning module ClassViewer (121)
[2015.05.19-05.22.21:282][213]LogModuleManager: Shutting down and abandoning module Toolbox (120)
[2015.05.19-05.22.21:282][213]LogModuleManager: Shutting down and abandoning module ModuleUI (119)
[2015.05.19-05.22.21:282][213]LogModuleManager: Shutting down and abandoning module MovieSceneTools (118)
[2015.05.19-05.22.21:282][213]LogModuleManager: Shutting down and abandoning module OutputLog (117)
[2015.05.19-05.22.21:282][213]LogModuleManager: Shutting down and abandoning module GammaUI (116)
[2015.05.19-05.22.21:282][213]LogModuleManager: Shutting down and abandoning module Documentation (115)
[2015.05.19-05.22.21:282][213]LogModuleManager: Shutting down and abandoning module GameLiveStreaming (114)
[2015.05.19-05.22.21:282][213]LogModuleManager: Shutting down and abandoning module StreamingPauseRendering (113)
[2015.05.19-05.22.21:282][213]LogModuleManager: Shutting down and abandoning module HTTP (112)
[2015.05.19-05.22.21:282][213]LogModuleManager: Shutting down and abandoning module AnalyticsET (111)
[2015.05.19-05.22.21:282][213]LogModuleManager: Shutting down and abandoning module Analytics (110)
[2015.05.19-05.22.21:282][213]LogModuleManager: Shutting down and abandoning module AITestSuite (109)
[2015.05.19-05.22.21:282][213]LogModuleManager: Shutting down and abandoning module GameplayDebugger (108)
[2015.05.19-05.22.21:282][213]LogModuleManager: Shutting down and abandoning module AIModule (107)
[2015.05.19-05.22.21:282][213]LogModuleManager: Shutting down and abandoning module ProfilerService (106)
[2015.05.19-05.22.21:407][213]LogModuleManager: Shutting down and abandoning module TaskGraph (105)
[2015.05.19-05.22.21:407][213]LogModuleManager: Shutting down and abandoning module SlateRemote (104)
[2015.05.19-05.22.21:407][213]LogModuleManager: Shutting down and abandoning module ScriptEditorPlugin (103)
[2015.05.19-05.22.21:407][213]LogModuleManager: Shutting down and abandoning module CustomMeshComponent (102)
[2015.05.19-05.22.21:407][213]LogModuleManager: Shutting down and abandoning module CableComponent (101)
[2015.05.19-05.22.21:407][213]LogModuleManager: Shutting down and abandoning module MessagingDebugger (100)
[2015.05.19-05.22.21:407][213]LogModuleManager: Shutting down and abandoning module MediaPlayerEditor (99)
[2015.05.19-05.22.21:407][213]LogModuleManager: Shutting down and abandoning module SpeedTreeImporter (98)
[2015.05.19-05.22.21:407][213]LogModuleManager: Shutting down and abandoning module PluginsEditor (97)
[2015.05.19-05.22.21:407][213]LogModuleManager: Shutting down and abandoning module MainFrame (96)
[2015.05.19-05.22.21:407][213]LogModuleManager: Shutting down and abandoning module EpicSurvey (95)
[2015.05.19-05.22.21:407][213]LogModuleManager: Shutting down and abandoning module DesktopPlatform (94)
[2015.05.19-05.22.21:407][213]LogModuleManager: Shutting down and abandoning module DirectoryWatcher (93)
[2015.05.19-05.22.21:407][213]LogModuleManager: Shutting down and abandoning module HotReload (92)
[2015.05.19-05.22.21:407][213]LogModuleManager: Shutting down and abandoning module VisualStudioSourceCodeAccess (91)
[2015.05.19-05.22.21:407][213]LogModuleManager: Shutting down and abandoning module UObjectPlugin (90)
[2015.05.19-05.22.21:407][213]LogModuleManager: Shutting down and abandoning module SubversionSourceControl (89)
[2015.05.19-05.22.21:407][213]LogModuleManager: Shutting down and abandoning module PerforceSourceControl (88)
[2015.05.19-05.22.21:407][213]LogModuleManager: Shutting down and abandoning module SourceControl (87)
[2015.05.19-05.22.21:407][213]LogModuleManager: Shutting down and abandoning module GitSourceControl (86)
[2015.05.19-05.22.21:407][213]LogModuleManager: Shutting down and abandoning module BlankPlugin (85)
[2015.05.19-05.22.21:407][213]LogModuleManager: Shutting down and abandoning module PaperTiledImporter (84)
[2015.05.19-05.22.21:407][213]LogModuleManager: Shutting down and abandoning module PaperJsonImporter (83)
[2015.05.19-05.22.21:407][213]LogModuleManager: Shutting down and abandoning module ContentBrowser (82)
[2015.05.19-05.22.21:408][213]LogModuleManager: Shutting down and abandoning module Paper2DEditor (81)
[2015.05.19-05.22.21:408][213]LogModuleManager: Shutting down and abandoning module ScriptPlugin (80)
[2015.05.19-05.22.21:408][213]LogModuleManager: Shutting down and abandoning module UdpMessaging (79)
[2015.05.19-05.22.21:509][213]LogModuleManager: Shutting down and abandoning module Paper2D (78)
[2015.05.19-05.22.21:509][213]LogModuleManager: Shutting down and abandoning module WindowsMoviePlayer (77)
[2015.05.19-05.22.21:511][213]LogModuleManager: Shutting down and abandoning module Media (76)
[2015.05.19-05.22.21:511][213]LogModuleManager: Shutting down and abandoning module WmfMedia (75)
[2015.05.19-05.22.21:511][213]LogModuleManager: Shutting down and abandoning module OnlineBlueprintSupport (74)
[2015.05.19-05.22.21:511][213]LogModuleManager: Shutting down and abandoning module PropertyEditor (73)
[2015.05.19-05.22.21:511][213]LogModuleManager: Shutting down and abandoning module BehaviorTreeEditor (72)
[2015.05.19-05.22.21:511][213]LogModuleManager: Shutting down and abandoning module FunctionalTesting (71)
[2015.05.19-05.22.21:511][213]LogModuleManager: Shutting down and abandoning module CollisionAnalyzer (70)
[2015.05.19-05.22.21:511][213]LogModuleManager: Shutting down and abandoning module WorkspaceMenuStructure (69)
[2015.05.19-05.22.21:511][213]LogModuleManager: Shutting down and abandoning module MessageLog (68)
[2015.05.19-05.22.21:511][213]LogModuleManager: Shutting down and abandoning module Sequencer (67)
[2015.05.19-05.22.21:511][213]LogModuleManager: Shutting down and abandoning module AssetTools (66)
[2015.05.19-05.22.21:511][213]LogModuleManager: Shutting down and abandoning module UMGEditor (65)
[2015.05.19-05.22.21:511][213]LogModuleManager: Shutting down and abandoning module UMG (64)
[2015.05.19-05.22.21:511][213]LogModuleManager: Shutting down and abandoning module Slate (63)
[2015.05.19-05.22.21:511][213]LogModuleManager: Shutting down and abandoning module EditorStyle (62)
[2015.05.19-05.22.21:514][213]LogModuleManager: Shutting down and abandoning module SessionServices (61)
[2015.05.19-05.22.21:514][213]LogModuleManager: Shutting down and abandoning module SourceCodeAccess (60)
[2015.05.19-05.22.21:514][213]LogModuleManager: Shutting down and abandoning module HeadMountedDisplay (59)
[2015.05.19-05.22.21:514][213]LogModuleManager: Shutting down and abandoning module XAudio2 (58)
[2015.05.19-05.22.21:514][213]LogModuleManager: Shutting down and abandoning module Networking (56)
[2015.05.19-05.22.21:514][213]LogModuleManager: Shutting down and abandoning module Core (55)
[2015.05.19-05.22.21:514][213]LogModuleManager: Shutting down and abandoning module KismetCompiler (54)
[2015.05.19-05.22.21:514][213]LogModuleManager: Shutting down and abandoning module PhysXFormats (53)
[2015.05.19-05.22.21:514][213]LogModuleManager: Shutting down and abandoning module MeshUtilities (52)
[2015.05.19-05.22.21:514][213]LogModuleManager: Shutting down and abandoning module DerivedDataCache (51)
[2015.05.19-05.22.21:556][213]LogDerivedDataCache: Shutdown
[2015.05.19-05.22.21:556][213]LogModuleManager: Shutting down and abandoning module ShaderFormatOpenGL (50)
[2015.05.19-05.22.21:556][213]LogModuleManager: Shutting down and abandoning module ShaderFormatD3D (49)
[2015.05.19-05.22.21:556][213]LogModuleManager: Shutting down and abandoning module MetalShaderFormat (48)
[2015.05.19-05.22.21:556][213]LogModuleManager: Shutting down and abandoning module TextureFormatUncompressed (47)
[2015.05.19-05.22.21:556][213]LogModuleManager: Shutting down and abandoning module TextureFormatPVR (46)
[2015.05.19-05.22.21:556][213]LogModuleManager: Shutting down and abandoning module TextureFormatIntelISPCTexComp (45)
[2015.05.19-05.22.21:556][213]LogModuleManager: Shutting down and abandoning module TextureFormatDXT (44)
[2015.05.19-05.22.21:556][213]LogModuleManager: Shutting down and abandoning module ImageWrapper (43)
[2015.05.19-05.22.21:556][213]LogModuleManager: Shutting down and abandoning module TextureFormatASTC (42)
[2015.05.19-05.22.21:556][213]LogModuleManager: Shutting down and abandoning module TextureFormatAndroid (41)
[2015.05.19-05.22.21:556][213]LogModuleManager: Shutting down and abandoning module AudioFormatOpus (40)
[2015.05.19-05.22.21:556][213]LogModuleManager: Shutting down and abandoning module AudioFormatOgg (39)
[2015.05.19-05.22.21:556][213]LogModuleManager: Shutting down and abandoning module AudioFormatADPCM (38)
[2015.05.19-05.22.21:556][213]LogModuleManager: Shutting down and abandoning module LinuxTargetPlatform (37)
[2015.05.19-05.22.21:556][213]LogModuleManager: Shutting down and abandoning module LinuxServerTargetPlatform (36)
[2015.05.19-05.22.21:556][213]LogModuleManager: Shutting down and abandoning module LinuxNoEditorTargetPlatform (35)
[2015.05.19-05.22.21:556][213]LogModuleManager: Shutting down and abandoning module Messaging (34)
[2015.05.19-05.22.21:556][213]LogModuleManager: Shutting down and abandoning module IOSTargetPlatform (33)
[2015.05.19-05.22.21:556][213]LogModuleManager: Shutting down and abandoning module HTML5TargetPlatform (32)
[2015.05.19-05.22.21:556][213]LogModuleManager: Shutting down and abandoning module Android_PVRTCTargetPlatform (31)
[2015.05.19-05.22.21:556][213]LogModuleManager: Shutting down and abandoning module Android_ETC2TargetPlatform (30)
[2015.05.19-05.22.21:556][213]LogModuleManager: Shutting down and abandoning module Android_ETC1TargetPlatform (29)
[2015.05.19-05.22.21:556][213]LogModuleManager: Shutting down and abandoning module Android_ES31TargetPlatform (28)
[2015.05.19-05.22.21:556][213]LogModuleManager: Shutting down and abandoning module Android_DXTTargetPlatform (27)
[2015.05.19-05.22.21:556][213]LogModuleManager: Shutting down and abandoning module Android_ATCTargetPlatform (26)
[2015.05.19-05.22.21:556][213]LogModuleManager: Shutting down and abandoning module AndroidTargetPlatform (25)
[2015.05.19-05.22.21:556][213]LogModuleManager: Shutting down and abandoning module WindowsTargetPlatform (24)
[2015.05.19-05.22.21:556][213]LogModuleManager: Shutting down and abandoning module WindowsServerTargetPlatform (23)
[2015.05.19-05.22.21:556][213]LogModuleManager: Shutting down and abandoning module WindowsNoEditorTargetPlatform (22)
[2015.05.19-05.22.21:556][213]LogModuleManager: Shutting down and abandoning module WindowsClientTargetPlatform (21)
[2015.05.19-05.22.21:556][213]LogModuleManager: Shutting down and abandoning module TargetPlatform (20)
[2015.05.19-05.22.21:556][213]LogModuleManager: Shutting down and abandoning module InputCore (19)
[2015.05.19-05.22.21:556][213]LogModuleManager: Shutting down and abandoning module Settings (18)
[2015.05.19-05.22.21:556][213]LogModuleManager: Shutting down and abandoning module OnlineSubsystem (16)
[2015.05.19-05.22.21:556][213]LogModuleManager: Shutting down and abandoning module OculusRift (15)
[2015.05.19-05.22.21:556][213]LogModuleManager: Shutting down and abandoning module ExampleDeviceProfileSelector (14)
[2015.05.19-05.22.21:556][213]LogModuleManager: Shutting down and abandoning module TextureCompressor (13)
[2015.05.19-05.22.21:556][213]LogModuleManager: Shutting down and abandoning module ShaderCore (12)
[2015.05.19-05.22.21:556][213]LogModuleManager: Shutting down and abandoning module Landscape (11)
[2015.05.19-05.22.21:556][213]LogModuleManager: Shutting down and abandoning module SlateRHIRenderer (10)
[2015.05.19-05.22.21:557][213]LogModuleManager: Shutting down and abandoning module OpenGLDrv (9)
[2015.05.19-05.22.21:557][213]LogModuleManager: Shutting down and abandoning module D3D11RHI (8)
[2015.05.19-05.22.21:557][213]LogModuleManager: Shutting down and abandoning module Renderer (7)
[2015.05.19-05.22.21:557][213]LogModuleManager: Shutting down and abandoning module Engine (6)
[2015.05.19-05.22.21:557][213]LogModuleManager: Shutting down and abandoning module CoreUObject (5)
[2015.05.19-05.22.21:557][213]LogModuleManager: Shutting down and abandoning module NetworkFile (4)
[2015.05.19-05.22.21:557][213]LogModuleManager: Shutting down and abandoning module StreamingFile (3)
[2015.05.19-05.22.21:557][213]LogModuleManager: Shutting down and abandoning module SandboxFile (2)
[2015.05.19-05.22.21:558][213]LogModuleManager: Shutting down and abandoning module PakFile (1)
[2015.05.19-05.22.21:558][213]LogExit: Exiting.
[2015.05.19-05.22.21:573][213]Log file closed, 05/18/15 23:22:21
